[Error] SQLSTATE[22P02]: Invalid text representation: 7 ERROR:  invalid input syntax for type integer: "user_id"
CONTEXT:  unnamed portal parameter $1 = '...' in C:\laragon\www\treant\bin\support\BaseModel.php at line 289
Trace: #0 C:\laragon\www\treant\bin\support\BaseModel.php(289): PDOStatement->execute()
#1 C:\laragon\www\treant\bin\support\BaseModel.php(336): Support\BaseModel->get()
#2 C:\laragon\www\treant\bin\support\BaseModel.php(635): Support\BaseModel->first()
#3 C:\laragon\www\treant\app\Models\User.php(15): Support\BaseModel->hasOne('App\\Models\\Prof...', 'user_id', 'user_id')
#4 C:\laragon\www\treant\bin\support\BaseModel.php(685): App\Models\User->profile()
#5 C:\laragon\www\treant\bin\support\BaseModel.php(674): Support\BaseModel->load('profile')
#6 C:\laragon\www\treant\app\Controllers\UserController.php(389): Support\BaseModel->with('profile')
#7 [internal function]: App\Controllers\UserController->show('aEh4aXVIalVEUGh...')
#8 C:\laragon\www\treant\bin\support\Route.php(193): call_user_func_array(Array, Array)
#9 C:\laragon\www\treant\index.php(26): Support\Route::dispatch()
#10 {main}
[Error] Invalid CSRF token in C:\laragon\www\treant\bin\support\Route.php at line 169
Trace: #0 C:\laragon\www\treant\index.php(26): Support\Route::dispatch()
#1 {main}
[Error] Invalid CSRF token in C:\laragon\www\treant\bin\support\Route.php at line 169
Trace: #0 C:\laragon\www\treant\index.php(26): Support\Route::dispatch()
#1 {main}
[Error] Invalid CSRF token in C:\laragon\www\treant\bin\support\Route.php at line 169
Trace: #0 C:\laragon\www\treant\index.php(26): Support\Route::dispatch()
#1 {main}
[Error] Invalid CSRF token in C:\laragon\www\treant\bin\support\Route.php at line 169
Trace: #0 C:\laragon\www\treant\index.php(26): Support\Route::dispatch()
#1 {main}
[Error] Invalid CSRF token in C:\laragon\www\treant\bin\support\Route.php at line 169
Trace: #0 C:\laragon\www\treant\index.php(26): Support\Route::dispatch()
#1 {main}
[Error] Invalid CSRF token in C:\laragon\www\treant\bin\support\Route.php at line 169
Trace: #0 C:\laragon\www\treant\index.php(26): Support\Route::dispatch()
#1 {main}
[Error] Invalid CSRF token in C:\laragon\www\treant\bin\support\Route.php at line 169
Trace: #0 C:\laragon\www\treant\index.php(26): Support\Route::dispatch()
#1 {main}
[Error] Invalid CSRF token in C:\laragon\www\treant\bin\support\Route.php at line 169
Trace: #0 C:\laragon\www\treant\index.php(26): Support\Route::dispatch()
#1 {main}
[Error] Invalid CSRF token in C:\laragon\www\treant\bin\support\Route.php at line 169
Trace: #0 C:\laragon\www\treant\index.php(26): Support\Route::dispatch()
#1 {main}
[Error] Invalid CSRF token in C:\laragon\www\treant\bin\support\Route.php at line 169
Trace: #0 C:\laragon\www\treant\index.php(26): Support\Route::dispatch()
#1 {main}
[Error] Invalid CSRF token in C:\laragon\www\treant\bin\support\Route.php at line 169
Trace: #0 C:\laragon\www\treant\index.php(26): Support\Route::dispatch()
#1 {main}
[Error] Invalid CSRF token in C:\laragon\www\treant\bin\support\Route.php at line 169
Trace: #0 C:\laragon\www\treant\index.php(26): Support\Route::dispatch()
#1 {main}
[Error] Invalid CSRF token in C:\laragon\www\treant\bin\support\Route.php at line 170
Trace: #0 C:\laragon\www\treant\index.php(26): Support\Route::dispatch()
#1 {main}
[Error] Invalid CSRF token in C:\laragon\www\treant\bin\support\Route.php at line 170
Trace: #0 C:\laragon\www\treant\index.php(26): Support\Route::dispatch()
#1 {main}
[Error] Invalid CSRF token in C:\laragon\www\treant\bin\support\Route.php at line 170
Trace: #0 C:\laragon\www\treant\index.php(26): Support\Route::dispatch()
#1 {main}
